Flow report for PIC16F648A
Thu Dec 21 22:23:44 2023
Quartus II Version 9.1 Build 350 03/24/2010 Service Pack 2 SJ Web Edition


---------------------
; Table of Contents ;
---------------------
  1. Legal Notice
  2. Flow Summary
  3. Flow Settings
  4. Flow Non-Default Global Settings
  5. Flow Elapsed Time
  6. Flow OS Summary
  7. Flow Log



----------------
; Legal Notice ;
----------------
Copyright (C) 1991-2010 Altera Corporation
Your use of Altera Corporation's design tools, logic functions 
and other software and tools, and its AMPP partner logic 
functions, and any output files from any of the foregoing 
(including device programming or simulation files), and any 
associated documentation or information are expressly subject 
to the terms and conditions of the Altera Program License 
Subscription Agreement, Altera MegaCore Function License 
Agreement, or other applicable license agreement, including, 
without limitation, that your use is for the sole purpose of 
programming logic devices manufactured by Altera and sold by 
Altera or its authorized distributors.  Please refer to the 
applicable agreement for further details.



+-----------------------------------------------------------------------------------+
; Flow Summary                                                                      ;
+------------------------------------+----------------------------------------------+
; Flow Status                        ; Successful - Thu Dec 21 22:23:44 2023        ;
; Quartus II Version                 ; 9.1 Build 350 03/24/2010 SP 2 SJ Web Edition ;
; Revision Name                      ; PIC16F648A                                   ;
; Top-level Entity Name              ; PIC16F648A                                   ;
; Family                             ; Cyclone II                                   ;
; Device                             ; EP2C35F672C6                                 ;
; Timing Models                      ; Final                                        ;
; Met timing requirements            ; Yes                                          ;
; Total logic elements               ; 3,064 / 33,216 ( 9 % )                       ;
;     Total combinational functions  ; 2,164 / 33,216 ( 7 % )                       ;
;     Dedicated logic registers      ; 2,235 / 33,216 ( 7 % )                       ;
; Total registers                    ; 2235                                         ;
; Total pins                         ; 65 / 475 ( 14 % )                            ;
; Total virtual pins                 ; 0                                            ;
; Total memory bits                  ; 57,344 / 483,840 ( 12 % )                    ;
; Embedded Multiplier 9-bit elements ; 0 / 70 ( 0 % )                               ;
; Total PLLs                         ; 0 / 4 ( 0 % )                                ;
+------------------------------------+----------------------------------------------+


+-----------------------------------------+
; Flow Settings                           ;
+-------------------+---------------------+
; Option            ; Setting             ;
+-------------------+---------------------+
; Start date & time ; 12/21/2023 22:23:11 ;
; Main task         ; Compilation         ;
; Revision Name     ; PIC16F648A          ;
+-------------------+---------------------+


+---------------------------------------------------------------------------------------------------------------------------------------------------+
; Flow Non-Default Global Settings                                                                                                                  ;
+------------------------------------+---------------------------------------------------------------+---------------+-------------+----------------+
; Assignment Name                    ; Value                                                         ; Default Value ; Entity Name ; Section Id     ;
+------------------------------------+---------------------------------------------------------------+---------------+-------------+----------------+
; COMPILER_SIGNATURE_ID              ; 110073153153917.170320819108648                               ; --            ; --          ; --             ;
; IP_TOOL_NAME                       ; ROM: 1-PORT                                                   ; --            ; --          ; --             ;
; IP_TOOL_VERSION                    ; 9.1                                                           ; --            ; --          ; --             ;
; MAX_CORE_JUNCTION_TEMP             ; 85                                                            ; --            ; --          ; --             ;
; MIN_CORE_JUNCTION_TEMP             ; 0                                                             ; --            ; --          ; --             ;
; MISC_FILE                          ; C:/Users/1265042/Desktop/Trabalho 4/PIC16F648A/PIC16F648A.dpf ; --            ; --          ; --             ;
; MISC_FILE                          ; ROM_mem.bsf                                                   ; --            ; --          ; --             ;
; MISC_FILE                          ; ROM_mem.cmp                                                   ; --            ; --          ; --             ;
; PARTITION_COLOR                    ; 16764057                                                      ; --            ; --          ; Top            ;
; PARTITION_NETLIST_TYPE             ; SOURCE                                                        ; --            ; --          ; Top            ;
; USE_GENERATED_PHYSICAL_CONSTRAINTS ; Off                                                           ; --            ; --          ; eda_blast_fpga ;
+------------------------------------+---------------------------------------------------------------+---------------+-------------+----------------+


+-----------------------------------------------------------------------------------------------------------------------------+
; Flow Elapsed Time                                                                                                           ;
+-------------------------+--------------+-------------------------+---------------------+------------------------------------+
; Module Name             ; Elapsed Time ; Average Processors Used ; Peak Virtual Memory ; Total CPU Time (on all processors) ;
+-------------------------+--------------+-------------------------+---------------------+------------------------------------+
; Analysis & Synthesis    ; 00:00:12     ; 1.0                     ; 280 MB              ; 00:00:12                           ;
; Fitter                  ; 00:00:11     ; 1.0                     ; 309 MB              ; 00:00:12                           ;
; Assembler               ; 00:00:02     ; 1.0                     ; 274 MB              ; 00:00:02                           ;
; Classic Timing Analyzer ; 00:00:06     ; 1.0                     ; 243 MB              ; 00:00:06                           ;
; Total                   ; 00:00:31     ; --                      ; --                  ; 00:00:32                           ;
+-------------------------+--------------+-------------------------+---------------------+------------------------------------+


+------------------------------------------------------------------------------------------+
; Flow OS Summary                                                                          ;
+-------------------------+------------------+---------------+------------+----------------+
; Module Name             ; Machine Hostname ; OS Name       ; OS Version ; Processor type ;
+-------------------------+------------------+---------------+------------+----------------+
; Analysis & Synthesis    ; PMG15IPULB31107  ; Windows Vista ; 6.2        ; x86_64         ;
; Fitter                  ; PMG15IPULB31107  ; Windows Vista ; 6.2        ; x86_64         ;
; Assembler               ; PMG15IPULB31107  ; Windows Vista ; 6.2        ; x86_64         ;
; Classic Timing Analyzer ; PMG15IPULB31107  ; Windows Vista ; 6.2        ; x86_64         ;
+-------------------------+------------------+---------------+------------+----------------+


------------
; Flow Log ;
------------
quartus_map --read_settings_files=on --write_settings_files=off PIC16F648A -c PIC16F648A
quartus_fit --read_settings_files=off --write_settings_files=off PIC16F648A -c PIC16F648A
quartus_asm --read_settings_files=off --write_settings_files=off PIC16F648A -c PIC16F648A
quartus_tan --read_settings_files=off --write_settings_files=off PIC16F648A -c PIC16F648A --timing_analysis_only



